<?xml version="1.0" encoding="UTF-8"?>
<testng-results ignored="0" total="1" passed="1" failed="0" skipped="0">
  <reporter-output>
  </reporter-output>
  <suite started-at="2022-03-23T19:50:31 IST" name="Default suite" finished-at="2022-03-23T19:50:46 IST" duration-ms="14845">
    <groups>
    </groups>
    <test started-at="2022-03-23T19:50:31 IST" name="Default test" finished-at="2022-03-23T19:50:46 IST" duration-ms="14845">
      <class name="Main.RegisterTest">
        <test-method is-config="true" signature="setup()[pri:0, instance:Main.RegisterTest@6a400542]" started-at="2022-03-23T19:50:31 IST" name="setup" finished-at="2022-03-23T19:50:33 IST" duration-ms="1823" status="PASS">
          <reporter-output>
          </reporter-output>
        </test-method> <!-- setup -->
        <test-method signature="registerTest()[pri:0, instance:Main.RegisterTest@6a400542]" started-at="2022-03-23T19:50:33 IST" name="registerTest" finished-at="2022-03-23T19:50:45 IST" duration-ms="12309" status="PASS">
          <reporter-output>
          </reporter-output>
        </test-method> <!-- registerTest -->
        <test-method is-config="true" signature="tearDown()[pri:0, instance:Main.RegisterTest@6a400542]" started-at="2022-03-23T19:50:45 IST" name="tearDown" finished-at="2022-03-23T19:50:46 IST" duration-ms="683" status="PASS">
          <reporter-output>
          </reporter-output>
        </test-method> <!-- tearDown -->
      </class> <!-- Main.RegisterTest -->
    </test> <!-- Default test -->
  </suite> <!-- Default suite -->
</testng-results>
