<?xml version="1.0" encoding="UTF-8"?>
<testng-results ignored="0" total="1" passed="1" failed="0" skipped="0">
  <reporter-output>
  </reporter-output>
  <suite started-at="2022-03-23T12:16:13 IST" name="Default suite" finished-at="2022-03-23T12:16:28 IST" duration-ms="15154">
    <groups>
    </groups>
    <test started-at="2022-03-23T12:16:13 IST" name="Default test" finished-at="2022-03-23T12:16:28 IST" duration-ms="15154">
      <class name="Main.RegisterTest">
        <test-method is-config="true" signature="setup()[pri:0, instance:Main.RegisterTest@6a400542]" started-at="2022-03-23T12:16:13 IST" name="setup" finished-at="2022-03-23T12:16:17 IST" duration-ms="3740" status="PASS">
          <reporter-output>
          </reporter-output>
        </test-method> <!-- setup -->
        <test-method signature="registerTest()[pri:0, instance:Main.RegisterTest@6a400542]" started-at="2022-03-23T12:16:17 IST" name="registerTest" finished-at="2022-03-23T12:16:27 IST" duration-ms="10751" status="PASS">
          <reporter-output>
          </reporter-output>
        </test-method> <!-- registerTest -->
        <test-method is-config="true" signature="tearDown()[pri:0, instance:Main.RegisterTest@6a400542]" started-at="2022-03-23T12:16:27 IST" name="tearDown" finished-at="2022-03-23T12:16:28 IST" duration-ms="632" status="PASS">
          <reporter-output>
          </reporter-output>
        </test-method> <!-- tearDown -->
      </class> <!-- Main.RegisterTest -->
    </test> <!-- Default test -->
  </suite> <!-- Default suite -->
</testng-results>
